
The following have been reloaded with a version change:
  1) meme/5.0.3 => meme/4.12.0

Skipping motif +AHR_MOUSE.H11MO.0.B.
Skipping motif -AHR_MOUSE.H11MO.0.B.
Skipping motif +AIRE_MOUSE.H11MO.0.C.
Skipping motif -AIRE_MOUSE.H11MO.0.C.
Skipping motif +ALX1_MOUSE.H11MO.0.B.
Skipping motif -ALX1_MOUSE.H11MO.0.B.
Skipping motif +ANDR_MOUSE.H11MO.0.A.
Skipping motif -ANDR_MOUSE.H11MO.0.A.
Skipping motif +ANDR_MOUSE.H11MO.1.A.
Skipping motif -ANDR_MOUSE.H11MO.1.A.
Skipping motif +AP2A_MOUSE.H11MO.0.A.
Skipping motif -AP2A_MOUSE.H11MO.0.A.
Skipping motif +AP2B_MOUSE.H11MO.0.B.
Skipping motif -AP2B_MOUSE.H11MO.0.B.
Skipping motif +AP2C_MOUSE.H11MO.0.A.
Skipping motif -AP2C_MOUSE.H11MO.0.A.
Skipping motif +AP2D_MOUSE.H11MO.0.D.
Skipping motif -AP2D_MOUSE.H11MO.0.D.
Skipping motif +ARI3A_MOUSE.H11MO.0.D.
Skipping motif -ARI3A_MOUSE.H11MO.0.D.
Skipping motif +ARI5B_MOUSE.H11MO.0.C.
Skipping motif -ARI5B_MOUSE.H11MO.0.C.
Skipping motif +ARNT2_MOUSE.H11MO.0.D.
Skipping motif -ARNT2_MOUSE.H11MO.0.D.
Skipping motif +ARNT_MOUSE.H11MO.0.B.
Skipping motif -ARNT_MOUSE.H11MO.0.B.
Skipping motif +ASCL1_MOUSE.H11MO.0.A.
Skipping motif -ASCL1_MOUSE.H11MO.0.A.
Skipping motif +ASCL2_MOUSE.H11MO.0.C.
Skipping motif -ASCL2_MOUSE.H11MO.0.C.
Skipping motif +ATF1_MOUSE.H11MO.0.B.
Skipping motif -ATF1_MOUSE.H11MO.0.B.
Skipping motif +ATF2_MOUSE.H11MO.0.A.
Skipping motif -ATF2_MOUSE.H11MO.0.A.
Skipping motif +ATF3_MOUSE.H11MO.0.A.
Skipping motif -ATF3_MOUSE.H11MO.0.A.
Skipping motif +ATF4_MOUSE.H11MO.0.A.
Skipping motif -ATF4_MOUSE.H11MO.0.A.
Skipping motif +ATF7_MOUSE.H11MO.0.D.
Skipping motif -ATF7_MOUSE.H11MO.0.D.
Skipping motif +ATOH1_MOUSE.H11MO.0.B.
Skipping motif -ATOH1_MOUSE.H11MO.0.B.
Skipping motif +BACH1_MOUSE.H11MO.0.C.
Skipping motif -BACH1_MOUSE.H11MO.0.C.
Skipping motif +BACH2_MOUSE.H11MO.0.A.
Skipping motif -BACH2_MOUSE.H11MO.0.A.
Skipping motif +BARX1_MOUSE.H11MO.0.C.
Skipping motif -BARX1_MOUSE.H11MO.0.C.
Skipping motif +BARX2_MOUSE.H11MO.0.D.
Skipping motif -BARX2_MOUSE.H11MO.0.D.
Skipping motif +BATF3_MOUSE.H11MO.0.A.
Skipping motif -BATF3_MOUSE.H11MO.0.A.
Skipping motif +BATF_MOUSE.H11MO.0.A.
Skipping motif -BATF_MOUSE.H11MO.0.A.
Skipping motif +BATF_MOUSE.H11MO.1.A.
Skipping motif -BATF_MOUSE.H11MO.1.A.
Skipping motif +BCL6_MOUSE.H11MO.0.A.
Skipping motif -BCL6_MOUSE.H11MO.0.A.
Skipping motif +BHA15_MOUSE.H11MO.0.A.
Skipping motif -BHA15_MOUSE.H11MO.0.A.
Skipping motif +BHE40_MOUSE.H11MO.0.A.
Skipping motif -BHE40_MOUSE.H11MO.0.A.
Skipping motif +BHE41_MOUSE.H11MO.0.D.
Skipping motif -BHE41_MOUSE.H11MO.0.D.
Skipping motif +BMAL1_MOUSE.H11MO.0.A.
Skipping motif -BMAL1_MOUSE.H11MO.0.A.
Skipping motif +BRAC_MOUSE.H11MO.0.B.
Skipping motif -BRAC_MOUSE.H11MO.0.B.
Skipping motif +BRAC_MOUSE.H11MO.1.C.
Skipping motif -BRAC_MOUSE.H11MO.1.C.
Skipping motif +BRCA1_MOUSE.H11MO.0.D.
Skipping motif -BRCA1_MOUSE.H11MO.0.D.
Skipping motif +CDC5L_MOUSE.H11MO.0.D.
Skipping motif -CDC5L_MOUSE.H11MO.0.D.
Skipping motif +CDX1_MOUSE.H11MO.0.C.
Skipping motif -CDX1_MOUSE.H11MO.0.C.
Skipping motif +CDX2_MOUSE.H11MO.0.A.
Skipping motif -CDX2_MOUSE.H11MO.0.A.
Skipping motif +CEBPA_MOUSE.H11MO.0.A.
Skipping motif -CEBPA_MOUSE.H11MO.0.A.
Skipping motif +CEBPB_MOUSE.H11MO.0.A.
Skipping motif -CEBPB_MOUSE.H11MO.0.A.
Skipping motif +CEBPD_MOUSE.H11MO.0.B.
Skipping motif -CEBPD_MOUSE.H11MO.0.B.
Skipping motif +CEBPE_MOUSE.H11MO.0.A.
Skipping motif -CEBPE_MOUSE.H11MO.0.A.
Skipping motif +CEBPG_MOUSE.H11MO.0.B.
Skipping motif -CEBPG_MOUSE.H11MO.0.B.
Skipping motif +CEBPZ_MOUSE.H11MO.0.D.
Skipping motif -CEBPZ_MOUSE.H11MO.0.D.
Skipping motif +CLOCK_MOUSE.H11MO.0.C.
Skipping motif -CLOCK_MOUSE.H11MO.0.C.
Skipping motif +COE1_MOUSE.H11MO.0.A.
Skipping motif -COE1_MOUSE.H11MO.0.A.
Skipping motif +COT1_MOUSE.H11MO.0.B.
Skipping motif -COT1_MOUSE.H11MO.0.B.
Skipping motif +COT1_MOUSE.H11MO.1.C.
Skipping motif -COT1_MOUSE.H11MO.1.C.
Skipping motif +COT2_MOUSE.H11MO.0.A.
Skipping motif -COT2_MOUSE.H11MO.0.A.
Skipping motif +COT2_MOUSE.H11MO.1.B.
Skipping motif -COT2_MOUSE.H11MO.1.B.
Skipping motif +COT2_MOUSE.H11MO.2.B.
Skipping motif -COT2_MOUSE.H11MO.2.B.
Skipping motif +CREB1_MOUSE.H11MO.0.A.
Skipping motif -CREB1_MOUSE.H11MO.0.A.
Skipping motif +CREM_MOUSE.H11MO.0.C.
Skipping motif -CREM_MOUSE.H11MO.0.C.
Skipping motif +CRX_MOUSE.H11MO.0.A.
Skipping motif -CRX_MOUSE.H11MO.0.A.
Skipping motif +CTCFL_MOUSE.H11MO.0.A.
Skipping motif -CTCFL_MOUSE.H11MO.0.A.
Skipping motif +CTCF_MOUSE.H11MO.0.A.
Skipping motif -CTCF_MOUSE.H11MO.0.A.
Skipping motif +CUX1_MOUSE.H11MO.0.C.
Skipping motif -CUX1_MOUSE.H11MO.0.C.
Skipping motif +CUX2_MOUSE.H11MO.0.C.
Skipping motif -CUX2_MOUSE.H11MO.0.C.
Skipping motif +CXXC1_MOUSE.H11MO.0.D.
Skipping motif -CXXC1_MOUSE.H11MO.0.D.
Skipping motif +DBP_MOUSE.H11MO.0.B.
Skipping motif -DBP_MOUSE.H11MO.0.B.
Skipping motif +DDIT3_MOUSE.H11MO.0.C.
Skipping motif -DDIT3_MOUSE.H11MO.0.C.
Skipping motif +DLX2_MOUSE.H11MO.0.D.
Skipping motif -DLX2_MOUSE.H11MO.0.D.
Skipping motif +DLX3_MOUSE.H11MO.0.C.
Skipping motif -DLX3_MOUSE.H11MO.0.C.
Skipping motif +DLX5_MOUSE.H11MO.0.C.
Skipping motif -DLX5_MOUSE.H11MO.0.C.
Skipping motif +DMRT1_MOUSE.H11MO.0.C.
Skipping motif -DMRT1_MOUSE.H11MO.0.C.
Skipping motif +DMRTB_MOUSE.H11MO.0.C.
Skipping motif -DMRTB_MOUSE.H11MO.0.C.
Skipping motif +E2F1_MOUSE.H11MO.0.A.
Skipping motif -E2F1_MOUSE.H11MO.0.A.
Skipping motif +E2F2_MOUSE.H11MO.0.B.
Skipping motif -E2F2_MOUSE.H11MO.0.B.
Skipping motif +E2F3_MOUSE.H11MO.0.A.
Skipping motif -E2F3_MOUSE.H11MO.0.A.
Skipping motif +E2F4_MOUSE.H11MO.0.A.
Skipping motif -E2F4_MOUSE.H11MO.0.A.
Skipping motif +E2F4_MOUSE.H11MO.1.A.
Skipping motif -E2F4_MOUSE.H11MO.1.A.
Skipping motif +E2F5_MOUSE.H11MO.0.B.
Skipping motif -E2F5_MOUSE.H11MO.0.B.
Skipping motif +E2F6_MOUSE.H11MO.0.A.
Skipping motif -E2F6_MOUSE.H11MO.0.A.
Skipping motif +E2F7_MOUSE.H11MO.0.C.
Skipping motif -E2F7_MOUSE.H11MO.0.C.
Skipping motif +E4F1_MOUSE.H11MO.0.D.
Skipping motif -E4F1_MOUSE.H11MO.0.D.
Skipping motif +EGR1_MOUSE.H11MO.0.A.
Skipping motif -EGR1_MOUSE.H11MO.0.A.
Skipping motif +EGR2_MOUSE.H11MO.0.A.
Skipping motif -EGR2_MOUSE.H11MO.0.A.
Skipping motif +EGR2_MOUSE.H11MO.1.A.
Skipping motif -EGR2_MOUSE.H11MO.1.A.
Skipping motif +EGR3_MOUSE.H11MO.0.D.
Skipping motif -EGR3_MOUSE.H11MO.0.D.
Skipping motif +EGR4_MOUSE.H11MO.0.D.
Skipping motif -EGR4_MOUSE.H11MO.0.D.
Skipping motif +EHF_MOUSE.H11MO.0.B.
Skipping motif -EHF_MOUSE.H11MO.0.B.
Skipping motif +ELF1_MOUSE.H11MO.0.A.
Skipping motif -ELF1_MOUSE.H11MO.0.A.
Skipping motif +ELF2_MOUSE.H11MO.0.C.
Skipping motif -ELF2_MOUSE.H11MO.0.C.
Skipping motif +ELF3_MOUSE.H11MO.0.B.
Skipping motif -ELF3_MOUSE.H11MO.0.B.
Skipping motif +ELF5_MOUSE.H11MO.0.A.
Skipping motif -ELF5_MOUSE.H11MO.0.A.
Skipping motif +ELK1_MOUSE.H11MO.0.B.
Skipping motif -ELK1_MOUSE.H11MO.0.B.
Skipping motif +ELK3_MOUSE.H11MO.0.D.
Skipping motif -ELK3_MOUSE.H11MO.0.D.
Skipping motif +ELK4_MOUSE.H11MO.0.B.
Skipping motif -ELK4_MOUSE.H11MO.0.B.
Skipping motif +EPAS1_MOUSE.H11MO.0.C.
Skipping motif -EPAS1_MOUSE.H11MO.0.C.
Skipping motif +ERG_MOUSE.H11MO.0.A.
Skipping motif -ERG_MOUSE.H11MO.0.A.
Skipping motif +ERR1_MOUSE.H11MO.0.A.
Skipping motif -ERR1_MOUSE.H11MO.0.A.
Skipping motif +ERR2_MOUSE.H11MO.0.A.
Skipping motif -ERR2_MOUSE.H11MO.0.A.
Skipping motif +ERR3_MOUSE.H11MO.0.C.
Skipping motif -ERR3_MOUSE.H11MO.0.C.
Skipping motif +ESR1_MOUSE.H11MO.0.A.
Skipping motif -ESR1_MOUSE.H11MO.0.A.
Skipping motif +ESR1_MOUSE.H11MO.1.A.
Skipping motif -ESR1_MOUSE.H11MO.1.A.
Skipping motif +ESR2_MOUSE.H11MO.0.A.
Skipping motif -ESR2_MOUSE.H11MO.0.A.
Skipping motif +ESR2_MOUSE.H11MO.1.A.
Skipping motif -ESR2_MOUSE.H11MO.1.A.
Skipping motif +ETS1_MOUSE.H11MO.0.A.
Skipping motif -ETS1_MOUSE.H11MO.0.A.
Skipping motif +ETS2_MOUSE.H11MO.0.A.
Skipping motif -ETS2_MOUSE.H11MO.0.A.
Skipping motif +ETV2_MOUSE.H11MO.0.A.
Skipping motif -ETV2_MOUSE.H11MO.0.A.
Skipping motif +ETV4_MOUSE.H11MO.0.B.
Skipping motif -ETV4_MOUSE.H11MO.0.B.
Skipping motif +ETV5_MOUSE.H11MO.0.D.
Skipping motif -ETV5_MOUSE.H11MO.0.D.
Skipping motif +ETV6_MOUSE.H11MO.0.C.
Skipping motif -ETV6_MOUSE.H11MO.0.C.
Skipping motif +EVI1_MOUSE.H11MO.0.B.
Skipping motif -EVI1_MOUSE.H11MO.0.B.
Skipping motif +FEV_MOUSE.H11MO.0.B.
Skipping motif -FEV_MOUSE.H11MO.0.B.
Skipping motif +FLI1_MOUSE.H11MO.0.A.
Skipping motif -FLI1_MOUSE.H11MO.0.A.
Skipping motif +FLI1_MOUSE.H11MO.1.A.
Skipping motif -FLI1_MOUSE.H11MO.1.A.
Skipping motif +FOSB_MOUSE.H11MO.0.A.
Skipping motif -FOSB_MOUSE.H11MO.0.A.
Skipping motif +FOSL1_MOUSE.H11MO.0.A.
Skipping motif -FOSL1_MOUSE.H11MO.0.A.
Skipping motif +FOSL2_MOUSE.H11MO.0.A.
Skipping motif -FOSL2_MOUSE.H11MO.0.A.
Skipping motif +FOS_MOUSE.H11MO.0.A.
Skipping motif -FOS_MOUSE.H11MO.0.A.
Skipping motif +FOXA1_MOUSE.H11MO.0.A.
Skipping motif -FOXA1_MOUSE.H11MO.0.A.
Skipping motif +FOXA2_MOUSE.H11MO.0.A.
Skipping motif -FOXA2_MOUSE.H11MO.0.A.
Skipping motif +FOXA3_MOUSE.H11MO.0.A.
Skipping motif -FOXA3_MOUSE.H11MO.0.A.
Skipping motif +FOXC1_MOUSE.H11MO.0.C.
Skipping motif -FOXC1_MOUSE.H11MO.0.C.
Skipping motif +FOXC2_MOUSE.H11MO.0.D.
Skipping motif -FOXC2_MOUSE.H11MO.0.D.
Skipping motif +FOXD1_MOUSE.H11MO.0.D.
Skipping motif -FOXD1_MOUSE.H11MO.0.D.
Skipping motif +FOXD3_MOUSE.H11MO.0.C.
Skipping motif -FOXD3_MOUSE.H11MO.0.C.
Skipping motif +FOXF1_MOUSE.H11MO.0.D.
Skipping motif -FOXF1_MOUSE.H11MO.0.D.
Skipping motif +FOXF2_MOUSE.H11MO.0.D.
Skipping motif -FOXF2_MOUSE.H11MO.0.D.
Skipping motif +FOXI1_MOUSE.H11MO.0.B.
Skipping motif -FOXI1_MOUSE.H11MO.0.B.
Skipping motif +FOXJ2_MOUSE.H11MO.0.C.
Skipping motif -FOXJ2_MOUSE.H11MO.0.C.
Skipping motif +FOXJ3_MOUSE.H11MO.0.A.
Skipping motif -FOXJ3_MOUSE.H11MO.0.A.
Skipping motif +FOXJ3_MOUSE.H11MO.1.B.
Skipping motif -FOXJ3_MOUSE.H11MO.1.B.
Skipping motif +FOXK1_MOUSE.H11MO.0.A.
Skipping motif -FOXK1_MOUSE.H11MO.0.A.
Skipping motif +FOXL2_MOUSE.H11MO.0.C.
Skipping motif -FOXL2_MOUSE.H11MO.0.C.
Skipping motif +FOXM1_MOUSE.H11MO.0.B.
Skipping motif -FOXM1_MOUSE.H11MO.0.B.
Skipping motif +FOXO1_MOUSE.H11MO.0.A.
Skipping motif -FOXO1_MOUSE.H11MO.0.A.
Skipping motif +FOXO3_MOUSE.H11MO.0.B.
Skipping motif -FOXO3_MOUSE.H11MO.0.B.
Skipping motif +FOXO4_MOUSE.H11MO.0.C.
Skipping motif -FOXO4_MOUSE.H11MO.0.C.
Skipping motif +FOXP2_MOUSE.H11MO.0.A.
Skipping motif -FOXP2_MOUSE.H11MO.0.A.
Skipping motif +FOXP3_MOUSE.H11MO.0.D.
Skipping motif -FOXP3_MOUSE.H11MO.0.D.
Skipping motif +FOXQ1_MOUSE.H11MO.0.C.
Skipping motif -FOXQ1_MOUSE.H11MO.0.C.
Skipping motif +FUBP1_MOUSE.H11MO.0.D.
Skipping motif -FUBP1_MOUSE.H11MO.0.D.
Skipping motif +GABPA_MOUSE.H11MO.0.A.
Skipping motif -GABPA_MOUSE.H11MO.0.A.
Skipping motif +GATA1_MOUSE.H11MO.0.A.
Skipping motif -GATA1_MOUSE.H11MO.0.A.
Skipping motif +GATA1_MOUSE.H11MO.1.A.
Skipping motif -GATA1_MOUSE.H11MO.1.A.
Skipping motif +GATA2_MOUSE.H11MO.0.A.
Skipping motif -GATA2_MOUSE.H11MO.0.A.
Skipping motif +GATA3_MOUSE.H11MO.0.A.
Skipping motif -GATA3_MOUSE.H11MO.0.A.
Skipping motif +GATA4_MOUSE.H11MO.0.A.
Skipping motif -GATA4_MOUSE.H11MO.0.A.
Skipping motif +GATA5_MOUSE.H11MO.0.D.
Skipping motif -GATA5_MOUSE.H11MO.0.D.
Skipping motif +GATA6_MOUSE.H11MO.0.A.
Skipping motif -GATA6_MOUSE.H11MO.0.A.
Skipping motif +GCM1_MOUSE.H11MO.0.D.
Skipping motif -GCM1_MOUSE.H11MO.0.D.
Skipping motif +GCR_MOUSE.H11MO.0.A.
Skipping motif -GCR_MOUSE.H11MO.0.A.
Skipping motif +GCR_MOUSE.H11MO.1.A.
Skipping motif -GCR_MOUSE.H11MO.1.A.
Skipping motif +GFI1B_MOUSE.H11MO.0.A.
Skipping motif -GFI1B_MOUSE.H11MO.0.A.
Skipping motif +GFI1_MOUSE.H11MO.0.C.
Skipping motif -GFI1_MOUSE.H11MO.0.C.
Skipping motif +GLI1_MOUSE.H11MO.0.C.
Skipping motif -GLI1_MOUSE.H11MO.0.C.
Skipping motif +GLI2_MOUSE.H11MO.0.D.
Skipping motif -GLI2_MOUSE.H11MO.0.D.
Skipping motif +GLI3_MOUSE.H11MO.0.D.
Skipping motif -GLI3_MOUSE.H11MO.0.D.
Skipping motif +GLIS3_MOUSE.H11MO.0.D.
Skipping motif -GLIS3_MOUSE.H11MO.0.D.
Skipping motif +GRHL2_MOUSE.H11MO.0.A.
Skipping motif -GRHL2_MOUSE.H11MO.0.A.
Skipping motif +HAND1_MOUSE.H11MO.0.C.
Skipping motif -HAND1_MOUSE.H11MO.0.C.
Skipping motif +HAND1_MOUSE.H11MO.1.C.
Skipping motif -HAND1_MOUSE.H11MO.1.C.
Skipping motif +HBP1_MOUSE.H11MO.0.D.
Skipping motif -HBP1_MOUSE.H11MO.0.D.
Skipping motif +HEN1_MOUSE.H11MO.0.C.
Skipping motif -HEN1_MOUSE.H11MO.0.C.
Skipping motif +HES1_MOUSE.H11MO.0.D.
Skipping motif -HES1_MOUSE.H11MO.0.D.
Skipping motif +HESX1_MOUSE.H11MO.0.D.
Skipping motif -HESX1_MOUSE.H11MO.0.D.
Skipping motif +HEY2_MOUSE.H11MO.0.D.
Skipping motif -HEY2_MOUSE.H11MO.0.D.
Skipping motif +HIC1_MOUSE.H11MO.0.C.
Skipping motif -HIC1_MOUSE.H11MO.0.C.
Skipping motif +HIF1A_MOUSE.H11MO.0.C.
Skipping motif -HIF1A_MOUSE.H11MO.0.C.
Skipping motif +HINFP_MOUSE.H11MO.0.C.
Skipping motif -HINFP_MOUSE.H11MO.0.C.
Skipping motif +HLF_MOUSE.H11MO.0.C.
Skipping motif -HLF_MOUSE.H11MO.0.C.
Skipping motif +HLTF_MOUSE.H11MO.0.D.
Skipping motif -HLTF_MOUSE.H11MO.0.D.
Skipping motif +HMGA1_MOUSE.H11MO.0.D.
Skipping motif -HMGA1_MOUSE.H11MO.0.D.
Skipping motif +HMGA2_MOUSE.H11MO.0.D.
Skipping motif -HMGA2_MOUSE.H11MO.0.D.
Skipping motif +HNF1A_MOUSE.H11MO.0.A.
Skipping motif -HNF1A_MOUSE.H11MO.0.A.
Skipping motif +HNF1B_MOUSE.H11MO.0.A.
Skipping motif -HNF1B_MOUSE.H11MO.0.A.
Skipping motif +HNF1B_MOUSE.H11MO.1.A.
Skipping motif -HNF1B_MOUSE.H11MO.1.A.
Skipping motif +HNF4A_MOUSE.H11MO.0.A.
Skipping motif -HNF4A_MOUSE.H11MO.0.A.
Skipping motif +HNF4G_MOUSE.H11MO.0.C.
Skipping motif -HNF4G_MOUSE.H11MO.0.C.
Skipping motif +HNF6_MOUSE.H11MO.0.A.
Skipping motif -HNF6_MOUSE.H11MO.0.A.
Skipping motif +HSF1_MOUSE.H11MO.0.A.
Skipping motif -HSF1_MOUSE.H11MO.0.A.
Skipping motif +HSF1_MOUSE.H11MO.1.A.
Skipping motif -HSF1_MOUSE.H11MO.1.A.
Skipping motif +HSF2_MOUSE.H11MO.0.A.
Skipping motif -HSF2_MOUSE.H11MO.0.A.
Skipping motif +HTF4_MOUSE.H11MO.0.A.
Skipping motif -HTF4_MOUSE.H11MO.0.A.
Skipping motif +HXA10_MOUSE.H11MO.0.C.
Skipping motif -HXA10_MOUSE.H11MO.0.C.
Skipping motif +HXA13_MOUSE.H11MO.0.C.
Skipping motif -HXA13_MOUSE.H11MO.0.C.
Skipping motif +HXA1_MOUSE.H11MO.0.C.
Skipping motif -HXA1_MOUSE.H11MO.0.C.
Skipping motif +HXA5_MOUSE.H11MO.0.D.
Skipping motif -HXA5_MOUSE.H11MO.0.D.
Skipping motif +HXA7_MOUSE.H11MO.0.D.
Skipping motif -HXA7_MOUSE.H11MO.0.D.
Skipping motif +HXA9_MOUSE.H11MO.0.B.
Skipping motif -HXA9_MOUSE.H11MO.0.B.
Skipping motif +HXB1_MOUSE.H11MO.0.D.
Skipping motif -HXB1_MOUSE.H11MO.0.D.
Skipping motif +HXB4_MOUSE.H11MO.0.A.
Skipping motif -HXB4_MOUSE.H11MO.0.A.
Skipping motif +HXB6_MOUSE.H11MO.0.D.
Skipping motif -HXB6_MOUSE.H11MO.0.D.
Skipping motif +HXB7_MOUSE.H11MO.0.C.
Skipping motif -HXB7_MOUSE.H11MO.0.C.
Skipping motif +HXB8_MOUSE.H11MO.0.C.
Skipping motif -HXB8_MOUSE.H11MO.0.C.
Skipping motif +HXC6_MOUSE.H11MO.0.D.
Skipping motif -HXC6_MOUSE.H11MO.0.D.
Skipping motif +HXC8_MOUSE.H11MO.0.D.
Skipping motif -HXC8_MOUSE.H11MO.0.D.
Skipping motif +HXC9_MOUSE.H11MO.0.A.
Skipping motif -HXC9_MOUSE.H11MO.0.A.
Skipping motif +HXD10_MOUSE.H11MO.0.D.
Skipping motif -HXD10_MOUSE.H11MO.0.D.
Skipping motif +HXD13_MOUSE.H11MO.0.D.
Skipping motif -HXD13_MOUSE.H11MO.0.D.
Skipping motif +HXD4_MOUSE.H11MO.0.D.
Skipping motif -HXD4_MOUSE.H11MO.0.D.
Skipping motif +HXD9_MOUSE.H11MO.0.D.
Skipping motif -HXD9_MOUSE.H11MO.0.D.
Skipping motif +IKZF1_MOUSE.H11MO.0.C.
Skipping motif -IKZF1_MOUSE.H11MO.0.C.
Skipping motif +INSM1_MOUSE.H11MO.0.C.
Skipping motif -INSM1_MOUSE.H11MO.0.C.
Skipping motif +IRF1_MOUSE.H11MO.0.A.
Skipping motif -IRF1_MOUSE.H11MO.0.A.
Skipping motif +IRF2_MOUSE.H11MO.0.B.
Skipping motif -IRF2_MOUSE.H11MO.0.B.
Skipping motif +IRF3_MOUSE.H11MO.0.A.
Skipping motif -IRF3_MOUSE.H11MO.0.A.
Skipping motif +IRF4_MOUSE.H11MO.0.A.
Skipping motif -IRF4_MOUSE.H11MO.0.A.
Skipping motif +IRF5_MOUSE.H11MO.0.D.
Skipping motif -IRF5_MOUSE.H11MO.0.D.
Skipping motif +IRF7_MOUSE.H11MO.0.C.
Skipping motif -IRF7_MOUSE.H11MO.0.C.
Skipping motif +IRF8_MOUSE.H11MO.0.A.
Skipping motif -IRF8_MOUSE.H11MO.0.A.
Skipping motif +IRF9_MOUSE.H11MO.0.C.
Skipping motif -IRF9_MOUSE.H11MO.0.C.
Skipping motif +ISL1_MOUSE.H11MO.0.A.
Skipping motif -ISL1_MOUSE.H11MO.0.A.
Skipping motif +ITF2_MOUSE.H11MO.0.B.
Skipping motif -ITF2_MOUSE.H11MO.0.B.
Skipping motif +JUNB_MOUSE.H11MO.0.A.
Skipping motif -JUNB_MOUSE.H11MO.0.A.
Skipping motif +JUND_MOUSE.H11MO.0.A.
Skipping motif -JUND_MOUSE.H11MO.0.A.
Skipping motif +JUN_MOUSE.H11MO.0.A.
Skipping motif -JUN_MOUSE.H11MO.0.A.
Skipping motif +KAISO_MOUSE.H11MO.0.B.
Skipping motif -KAISO_MOUSE.H11MO.0.B.
Skipping motif +KAISO_MOUSE.H11MO.1.B.
Skipping motif -KAISO_MOUSE.H11MO.1.B.
Skipping motif +KAISO_MOUSE.H11MO.2.B.
Skipping motif -KAISO_MOUSE.H11MO.2.B.
Skipping motif +KLF15_MOUSE.H11MO.0.A.
Skipping motif -KLF15_MOUSE.H11MO.0.A.
Skipping motif +KLF1_MOUSE.H11MO.0.A.
Skipping motif -KLF1_MOUSE.H11MO.0.A.
Skipping motif +KLF3_MOUSE.H11MO.0.A.
Skipping motif -KLF3_MOUSE.H11MO.0.A.
Skipping motif +KLF4_MOUSE.H11MO.0.A.
Skipping motif -KLF4_MOUSE.H11MO.0.A.
Skipping motif +KLF5_MOUSE.H11MO.0.A.
Skipping motif -KLF5_MOUSE.H11MO.0.A.
Skipping motif +KLF6_MOUSE.H11MO.0.B.
Skipping motif -KLF6_MOUSE.H11MO.0.B.
Skipping motif +KLF8_MOUSE.H11MO.0.C.
Skipping motif -KLF8_MOUSE.H11MO.0.C.
Skipping motif +LEF1_MOUSE.H11MO.0.B.
Skipping motif -LEF1_MOUSE.H11MO.0.B.
Skipping motif +LHX2_MOUSE.H11MO.0.A.
Skipping motif -LHX2_MOUSE.H11MO.0.A.
Skipping motif +LHX3_MOUSE.H11MO.0.C.
Skipping motif -LHX3_MOUSE.H11MO.0.C.
Skipping motif +LHX6_MOUSE.H11MO.0.C.
Skipping motif -LHX6_MOUSE.H11MO.0.C.
Skipping motif +LYL1_MOUSE.H11MO.0.A.
Skipping motif -LYL1_MOUSE.H11MO.0.A.
Skipping motif +MAFA_MOUSE.H11MO.0.D.
Skipping motif -MAFA_MOUSE.H11MO.0.D.
Skipping motif +MAFB_MOUSE.H11MO.0.B.
Skipping motif -MAFB_MOUSE.H11MO.0.B.
Skipping motif +MAFF_MOUSE.H11MO.0.A.
Skipping motif -MAFF_MOUSE.H11MO.0.A.
Skipping motif +MAFF_MOUSE.H11MO.1.A.
Skipping motif -MAFF_MOUSE.H11MO.1.A.
Skipping motif +MAFG_MOUSE.H11MO.0.A.
Skipping motif -MAFG_MOUSE.H11MO.0.A.
Skipping motif +MAFG_MOUSE.H11MO.1.A.
Skipping motif -MAFG_MOUSE.H11MO.1.A.
Skipping motif +MAFK_MOUSE.H11MO.0.A.
Skipping motif -MAFK_MOUSE.H11MO.0.A.
Skipping motif +MAFK_MOUSE.H11MO.1.A.
Skipping motif -MAFK_MOUSE.H11MO.1.A.
Skipping motif +MAF_MOUSE.H11MO.0.A.
Skipping motif -MAF_MOUSE.H11MO.0.A.
Skipping motif +MAF_MOUSE.H11MO.1.A.
Skipping motif -MAF_MOUSE.H11MO.1.A.
Skipping motif +MAX_MOUSE.H11MO.0.A.
Skipping motif -MAX_MOUSE.H11MO.0.A.
Skipping motif +MAZ_MOUSE.H11MO.0.A.
Skipping motif -MAZ_MOUSE.H11MO.0.A.
Skipping motif +MAZ_MOUSE.H11MO.1.A.
Skipping motif -MAZ_MOUSE.H11MO.1.A.
Skipping motif +MBD2_MOUSE.H11MO.0.B.
Skipping motif -MBD2_MOUSE.H11MO.0.B.
Skipping motif +MCR_MOUSE.H11MO.0.D.
Skipping motif -MCR_MOUSE.H11MO.0.D.
Skipping motif +MECP2_MOUSE.H11MO.0.C.
Skipping motif -MECP2_MOUSE.H11MO.0.C.
Skipping motif +MEF2A_MOUSE.H11MO.0.A.
Skipping motif -MEF2A_MOUSE.H11MO.0.A.
Skipping motif +MEF2C_MOUSE.H11MO.0.A.
Skipping motif -MEF2C_MOUSE.H11MO.0.A.
Skipping motif +MEF2D_MOUSE.H11MO.0.A.
Skipping motif -MEF2D_MOUSE.H11MO.0.A.
Skipping motif +MEIS1_MOUSE.H11MO.0.A.
Skipping motif -MEIS1_MOUSE.H11MO.0.A.
Skipping motif +MEIS1_MOUSE.H11MO.1.A.
Skipping motif -MEIS1_MOUSE.H11MO.1.A.
Skipping motif +MEIS2_MOUSE.H11MO.0.B.
Skipping motif -MEIS2_MOUSE.H11MO.0.B.
Skipping motif +MITF_MOUSE.H11MO.0.A.
Skipping motif -MITF_MOUSE.H11MO.0.A.
Skipping motif +MLXPL_MOUSE.H11MO.0.D.
Skipping motif -MLXPL_MOUSE.H11MO.0.D.
Skipping motif +MSGN1_MOUSE.H11MO.0.C.
Skipping motif -MSGN1_MOUSE.H11MO.0.C.
Skipping motif +MSX2_MOUSE.H11MO.0.D.
Skipping motif -MSX2_MOUSE.H11MO.0.D.
Skipping motif +MSX3_MOUSE.H11MO.0.D.
Skipping motif -MSX3_MOUSE.H11MO.0.D.
Skipping motif +MTF1_MOUSE.H11MO.0.C.
Skipping motif -MTF1_MOUSE.H11MO.0.C.
Skipping motif +MXI1_MOUSE.H11MO.0.A.
Skipping motif -MXI1_MOUSE.H11MO.0.A.
Skipping motif +MXI1_MOUSE.H11MO.1.A.
Skipping motif -MXI1_MOUSE.H11MO.1.A.
Skipping motif +MYBA_MOUSE.H11MO.0.C.
Skipping motif -MYBA_MOUSE.H11MO.0.C.
Skipping motif +MYBB_MOUSE.H11MO.0.D.
Skipping motif -MYBB_MOUSE.H11MO.0.D.
Skipping motif +MYB_MOUSE.H11MO.0.A.
Skipping motif -MYB_MOUSE.H11MO.0.A.
Skipping motif +MYCN_MOUSE.H11MO.0.A.
Skipping motif -MYCN_MOUSE.H11MO.0.A.
Skipping motif +MYC_MOUSE.H11MO.0.A.
Skipping motif -MYC_MOUSE.H11MO.0.A.
Skipping motif +MYF5_MOUSE.H11MO.0.D.
Skipping motif -MYF5_MOUSE.H11MO.0.D.
Skipping motif +MYF6_MOUSE.H11MO.0.C.
Skipping motif -MYF6_MOUSE.H11MO.0.C.
Skipping motif +MYOD1_MOUSE.H11MO.0.A.
Skipping motif -MYOD1_MOUSE.H11MO.0.A.
Skipping motif +MYOD1_MOUSE.H11MO.1.A.
Skipping motif -MYOD1_MOUSE.H11MO.1.A.
Skipping motif +MYOG_MOUSE.H11MO.0.A.
Skipping motif -MYOG_MOUSE.H11MO.0.A.
Skipping motif +NANOG_MOUSE.H11MO.0.A.
Skipping motif -NANOG_MOUSE.H11MO.0.A.
Skipping motif +NANOG_MOUSE.H11MO.1.A.
Skipping motif -NANOG_MOUSE.H11MO.1.A.
Skipping motif +NDF1_MOUSE.H11MO.0.A.
Skipping motif -NDF1_MOUSE.H11MO.0.A.
Skipping motif +NDF2_MOUSE.H11MO.0.A.
Skipping motif -NDF2_MOUSE.H11MO.0.A.
Skipping motif +NF2L1_MOUSE.H11MO.0.C.
Skipping motif -NF2L1_MOUSE.H11MO.0.C.
Skipping motif +NF2L2_MOUSE.H11MO.0.A.
Skipping motif -NF2L2_MOUSE.H11MO.0.A.
Skipping motif +NFAC1_MOUSE.H11MO.0.A.
Skipping motif -NFAC1_MOUSE.H11MO.0.A.
Skipping motif +NFAC1_MOUSE.H11MO.1.A.
Skipping motif -NFAC1_MOUSE.H11MO.1.A.
Skipping motif +NFAC2_MOUSE.H11MO.0.C.
Skipping motif -NFAC2_MOUSE.H11MO.0.C.
Skipping motif +NFAC2_MOUSE.H11MO.1.C.
Skipping motif -NFAC2_MOUSE.H11MO.1.C.
Skipping motif +NFAC3_MOUSE.H11MO.0.B.
Skipping motif -NFAC3_MOUSE.H11MO.0.B.
Skipping motif +NFAC4_MOUSE.H11MO.0.C.
Skipping motif -NFAC4_MOUSE.H11MO.0.C.
Skipping motif +NFAT5_MOUSE.H11MO.0.D.
Skipping motif -NFAT5_MOUSE.H11MO.0.D.
Skipping motif +NFE2_MOUSE.H11MO.0.A.
Skipping motif -NFE2_MOUSE.H11MO.0.A.
Skipping motif +NFIA_MOUSE.H11MO.0.C.
Skipping motif -NFIA_MOUSE.H11MO.0.C.
Skipping motif +NFIA_MOUSE.H11MO.1.D.
Skipping motif -NFIA_MOUSE.H11MO.1.D.
Skipping motif +NFIB_MOUSE.H11MO.0.C.
Skipping motif -NFIB_MOUSE.H11MO.0.C.
Skipping motif +NFIC_MOUSE.H11MO.0.A.
Skipping motif -NFIC_MOUSE.H11MO.0.A.
Skipping motif +NFIC_MOUSE.H11MO.1.A.
Skipping motif -NFIC_MOUSE.H11MO.1.A.
Skipping motif +NFIL3_MOUSE.H11MO.0.C.
Skipping motif -NFIL3_MOUSE.H11MO.0.C.
Skipping motif +NFKB1_MOUSE.H11MO.0.A.
Skipping motif -NFKB1_MOUSE.H11MO.0.A.
Skipping motif +NFKB2_MOUSE.H11MO.0.C.
Skipping motif -NFKB2_MOUSE.H11MO.0.C.
Skipping motif +NFYA_MOUSE.H11MO.0.A.
Skipping motif -NFYA_MOUSE.H11MO.0.A.
Skipping motif +NFYB_MOUSE.H11MO.0.A.
Skipping motif -NFYB_MOUSE.H11MO.0.A.
Skipping motif +NFYC_MOUSE.H11MO.0.B.
Skipping motif -NFYC_MOUSE.H11MO.0.B.
Skipping motif +NGN2_MOUSE.H11MO.0.C.
Skipping motif -NGN2_MOUSE.H11MO.0.C.
Skipping motif +NKX21_MOUSE.H11MO.0.A.
Skipping motif -NKX21_MOUSE.H11MO.0.A.
Skipping motif +NKX22_MOUSE.H11MO.0.A.
Skipping motif -NKX22_MOUSE.H11MO.0.A.
Skipping motif +NKX25_MOUSE.H11MO.0.A.
Skipping motif -NKX25_MOUSE.H11MO.0.A.
Skipping motif +NKX28_MOUSE.H11MO.0.C.
Skipping motif -NKX28_MOUSE.H11MO.0.C.
Skipping motif +NKX31_MOUSE.H11MO.0.C.
Skipping motif -NKX31_MOUSE.H11MO.0.C.
Skipping motif +NKX32_MOUSE.H11MO.0.B.
Skipping motif -NKX32_MOUSE.H11MO.0.B.
Skipping motif +NKX61_MOUSE.H11MO.0.A.
Skipping motif -NKX61_MOUSE.H11MO.0.A.
Skipping motif +NKX61_MOUSE.H11MO.1.A.
Skipping motif -NKX61_MOUSE.H11MO.1.A.
Skipping motif +NOBOX_MOUSE.H11MO.0.C.
Skipping motif -NOBOX_MOUSE.H11MO.0.C.
Skipping motif +NR0B1_MOUSE.H11MO.0.D.
Skipping motif -NR0B1_MOUSE.H11MO.0.D.
Skipping motif +NR1D1_MOUSE.H11MO.0.A.
Skipping motif -NR1D1_MOUSE.H11MO.0.A.
Skipping motif +NR1D1_MOUSE.H11MO.1.C.
Skipping motif -NR1D1_MOUSE.H11MO.1.C.
Skipping motif +NR1D2_MOUSE.H11MO.0.A.
Skipping motif -NR1D2_MOUSE.H11MO.0.A.
Skipping motif +NR1H2_MOUSE.H11MO.0.D.
Skipping motif -NR1H2_MOUSE.H11MO.0.D.
Skipping motif +NR1H3_MOUSE.H11MO.0.A.
Skipping motif -NR1H3_MOUSE.H11MO.0.A.
Skipping motif +NR1H3_MOUSE.H11MO.1.A.
Skipping motif -NR1H3_MOUSE.H11MO.1.A.
Skipping motif +NR1H3_MOUSE.H11MO.2.A.
Skipping motif -NR1H3_MOUSE.H11MO.2.A.
Skipping motif +NR1H4_MOUSE.H11MO.0.A.
Skipping motif -NR1H4_MOUSE.H11MO.0.A.
Skipping motif +NR1H4_MOUSE.H11MO.1.A.
Skipping motif -NR1H4_MOUSE.H11MO.1.A.
Skipping motif +NR1I2_MOUSE.H11MO.0.C.
Skipping motif -NR1I2_MOUSE.H11MO.0.C.
Skipping motif +NR1I2_MOUSE.H11MO.1.D.
Skipping motif -NR1I2_MOUSE.H11MO.1.D.
Skipping motif +NR1I3_MOUSE.H11MO.0.C.
Skipping motif -NR1I3_MOUSE.H11MO.0.C.
Skipping motif +NR1I3_MOUSE.H11MO.1.D.
Skipping motif -NR1I3_MOUSE.H11MO.1.D.
Skipping motif +NR2C1_MOUSE.H11MO.0.C.
Skipping motif -NR2C1_MOUSE.H11MO.0.C.
Skipping motif +NR2C2_MOUSE.H11MO.0.A.
Skipping motif -NR2C2_MOUSE.H11MO.0.A.
Skipping motif +NR2E3_MOUSE.H11MO.0.C.
Skipping motif -NR2E3_MOUSE.H11MO.0.C.
Skipping motif +NR2F6_MOUSE.H11MO.0.D.
Skipping motif -NR2F6_MOUSE.H11MO.0.D.
Skipping motif +NR4A1_MOUSE.H11MO.0.B.
Skipping motif -NR4A1_MOUSE.H11MO.0.B.
Skipping motif +NR4A2_MOUSE.H11MO.0.C.
Skipping motif -NR4A2_MOUSE.H11MO.0.C.
Skipping motif +NR4A3_MOUSE.H11MO.0.D.
Skipping motif -NR4A3_MOUSE.H11MO.0.D.
Skipping motif +NR5A2_MOUSE.H11MO.0.A.
Skipping motif -NR5A2_MOUSE.H11MO.0.A.
Skipping motif +NR6A1_MOUSE.H11MO.0.D.
Skipping motif -NR6A1_MOUSE.H11MO.0.D.
Skipping motif +NRF1_MOUSE.H11MO.0.A.
Skipping motif -NRF1_MOUSE.H11MO.0.A.
Skipping motif +OLIG2_MOUSE.H11MO.0.A.
Skipping motif -OLIG2_MOUSE.H11MO.0.A.
Skipping motif +OLIG2_MOUSE.H11MO.1.A.
Skipping motif -OLIG2_MOUSE.H11MO.1.A.
Skipping motif +ONEC2_MOUSE.H11MO.0.D.
Skipping motif -ONEC2_MOUSE.H11MO.0.D.
Skipping motif +OTX1_MOUSE.H11MO.0.D.
Skipping motif -OTX1_MOUSE.H11MO.0.D.
Skipping motif +OTX2_MOUSE.H11MO.0.A.
Skipping motif -OTX2_MOUSE.H11MO.0.A.
Skipping motif +OVOL1_MOUSE.H11MO.0.C.
Skipping motif -OVOL1_MOUSE.H11MO.0.C.
Skipping motif +OVOL2_MOUSE.H11MO.0.C.
Skipping motif -OVOL2_MOUSE.H11MO.0.C.
Skipping motif +P53_MOUSE.H11MO.0.A.
Skipping motif -P53_MOUSE.H11MO.0.A.
Skipping motif +P53_MOUSE.H11MO.1.A.
Skipping motif -P53_MOUSE.H11MO.1.A.
Skipping motif +P63_MOUSE.H11MO.0.B.
Skipping motif -P63_MOUSE.H11MO.0.B.
Skipping motif +P63_MOUSE.H11MO.1.B.
Skipping motif -P63_MOUSE.H11MO.1.B.
Skipping motif +P73_MOUSE.H11MO.0.B.
Skipping motif -P73_MOUSE.H11MO.0.B.
Skipping motif +P73_MOUSE.H11MO.1.B.
Skipping motif -P73_MOUSE.H11MO.1.B.
Skipping motif +PAX2_MOUSE.H11MO.0.D.
Skipping motif -PAX2_MOUSE.H11MO.0.D.
Skipping motif +PAX3_MOUSE.H11MO.0.D.
Skipping motif -PAX3_MOUSE.H11MO.0.D.
Skipping motif +PAX5_MOUSE.H11MO.0.A.
Skipping motif -PAX5_MOUSE.H11MO.0.A.
Skipping motif +PAX6_MOUSE.H11MO.0.C.
Skipping motif -PAX6_MOUSE.H11MO.0.C.
Skipping motif +PAX8_MOUSE.H11MO.0.D.
Skipping motif -PAX8_MOUSE.H11MO.0.D.
Skipping motif +PBX1_MOUSE.H11MO.0.A.
Skipping motif -PBX1_MOUSE.H11MO.0.A.
Skipping motif +PBX1_MOUSE.H11MO.1.A.
Skipping motif -PBX1_MOUSE.H11MO.1.A.
Skipping motif +PBX1_MOUSE.H11MO.2.C.
Skipping motif -PBX1_MOUSE.H11MO.2.C.
Skipping motif +PBX2_MOUSE.H11MO.0.C.
Skipping motif -PBX2_MOUSE.H11MO.0.C.
Skipping motif +PBX3_MOUSE.H11MO.0.A.
Skipping motif -PBX3_MOUSE.H11MO.0.A.
Skipping motif +PDX1_MOUSE.H11MO.0.B.
Skipping motif -PDX1_MOUSE.H11MO.0.B.
Skipping motif +PEBB_MOUSE.H11MO.0.C.
Skipping motif -PEBB_MOUSE.H11MO.0.C.
Skipping motif +PIT1_MOUSE.H11MO.0.C.
Skipping motif -PIT1_MOUSE.H11MO.0.C.
Skipping motif +PITX1_MOUSE.H11MO.0.C.
Skipping motif -PITX1_MOUSE.H11MO.0.C.
Skipping motif +PITX2_MOUSE.H11MO.0.D.
Skipping motif -PITX2_MOUSE.H11MO.0.D.
Skipping motif +PKNX1_MOUSE.H11MO.0.A.
Skipping motif -PKNX1_MOUSE.H11MO.0.A.
Skipping motif +PLAG1_MOUSE.H11MO.0.D.
Skipping motif -PLAG1_MOUSE.H11MO.0.D.
Skipping motif +PO2F1_MOUSE.H11MO.0.C.
Skipping motif -PO2F1_MOUSE.H11MO.0.C.
Skipping motif +PO2F2_MOUSE.H11MO.0.B.
Skipping motif -PO2F2_MOUSE.H11MO.0.B.
Skipping motif +PO3F1_MOUSE.H11MO.0.C.
Skipping motif -PO3F1_MOUSE.H11MO.0.C.
Skipping motif +PO3F2_MOUSE.H11MO.0.A.
Skipping motif -PO3F2_MOUSE.H11MO.0.A.
Skipping motif +PO3F2_MOUSE.H11MO.1.A.
Skipping motif -PO3F2_MOUSE.H11MO.1.A.
Skipping motif +PO4F2_MOUSE.H11MO.0.D.
Skipping motif -PO4F2_MOUSE.H11MO.0.D.
Skipping motif +PO5F1_MOUSE.H11MO.0.A.
Skipping motif -PO5F1_MOUSE.H11MO.0.A.
Skipping motif +PO5F1_MOUSE.H11MO.1.A.
Skipping motif -PO5F1_MOUSE.H11MO.1.A.
Skipping motif +PO6F1_MOUSE.H11MO.0.D.
Skipping motif -PO6F1_MOUSE.H11MO.0.D.
Skipping motif +PPARA_MOUSE.H11MO.0.A.
Skipping motif -PPARA_MOUSE.H11MO.0.A.
Skipping motif +PPARA_MOUSE.H11MO.1.A.
Skipping motif -PPARA_MOUSE.H11MO.1.A.
Skipping motif +PPARD_MOUSE.H11MO.0.D.
Skipping motif -PPARD_MOUSE.H11MO.0.D.
Skipping motif +PPARG_MOUSE.H11MO.0.A.
Skipping motif -PPARG_MOUSE.H11MO.0.A.
Skipping motif +PPARG_MOUSE.H11MO.1.A.
Skipping motif -PPARG_MOUSE.H11MO.1.A.
Skipping motif +PRD14_MOUSE.H11MO.0.A.
Skipping motif -PRD14_MOUSE.H11MO.0.A.
Skipping motif +PRD16_MOUSE.H11MO.0.B.
Skipping motif -PRD16_MOUSE.H11MO.0.B.
Skipping motif +PRDM1_MOUSE.H11MO.0.A.
Skipping motif -PRDM1_MOUSE.H11MO.0.A.
Skipping motif +PRDM5_MOUSE.H11MO.0.A.
Skipping motif -PRDM5_MOUSE.H11MO.0.A.
Skipping motif +PRDM5_MOUSE.H11MO.1.A.
Skipping motif -PRDM5_MOUSE.H11MO.1.A.
Skipping motif +PRDM9_MOUSE.H11MO.0.C.
Skipping motif -PRDM9_MOUSE.H11MO.0.C.
Skipping motif +PRGR_MOUSE.H11MO.0.A.
Skipping motif -PRGR_MOUSE.H11MO.0.A.
Skipping motif +PRGR_MOUSE.H11MO.1.A.
Skipping motif -PRGR_MOUSE.H11MO.1.A.
Skipping motif +PROP1_MOUSE.H11MO.0.C.
Skipping motif -PROP1_MOUSE.H11MO.0.C.
Skipping motif +PRRX1_MOUSE.H11MO.0.D.
Skipping motif -PRRX1_MOUSE.H11MO.0.D.
Skipping motif +PRRX2_MOUSE.H11MO.0.C.
Skipping motif -PRRX2_MOUSE.H11MO.0.C.
Skipping motif +PTF1A_MOUSE.H11MO.0.A.
Skipping motif -PTF1A_MOUSE.H11MO.0.A.
Skipping motif +PTF1A_MOUSE.H11MO.1.A.
Skipping motif -PTF1A_MOUSE.H11MO.1.A.
Skipping motif +PURA_MOUSE.H11MO.0.D.
Skipping motif -PURA_MOUSE.H11MO.0.D.
Skipping motif +RARA_MOUSE.H11MO.0.A.
Skipping motif -RARA_MOUSE.H11MO.0.A.
Skipping motif +RARA_MOUSE.H11MO.1.A.
Skipping motif -RARA_MOUSE.H11MO.1.A.
Skipping motif +RARA_MOUSE.H11MO.2.A.
Skipping motif -RARA_MOUSE.H11MO.2.A.
Skipping motif +RARA_MOUSE.H11MO.3.A.
Skipping motif -RARA_MOUSE.H11MO.3.A.
Skipping motif +RARB_MOUSE.H11MO.0.D.
Skipping motif -RARB_MOUSE.H11MO.0.D.
Skipping motif +RARG_MOUSE.H11MO.0.C.
Skipping motif -RARG_MOUSE.H11MO.0.C.
Skipping motif +RARG_MOUSE.H11MO.1.C.
Skipping motif -RARG_MOUSE.H11MO.1.C.
Skipping motif +RELB_MOUSE.H11MO.0.C.
Skipping motif -RELB_MOUSE.H11MO.0.C.
Skipping motif +REL_MOUSE.H11MO.0.A.
Skipping motif -REL_MOUSE.H11MO.0.A.
Skipping motif +REST_MOUSE.H11MO.0.A.
Skipping motif -REST_MOUSE.H11MO.0.A.
Skipping motif +RFX1_MOUSE.H11MO.0.A.
Skipping motif -RFX1_MOUSE.H11MO.0.A.
Skipping motif +RFX1_MOUSE.H11MO.1.A.
Skipping motif -RFX1_MOUSE.H11MO.1.A.
Skipping motif +RFX2_MOUSE.H11MO.0.A.
Skipping motif -RFX2_MOUSE.H11MO.0.A.
Skipping motif +RFX2_MOUSE.H11MO.1.A.
Skipping motif -RFX2_MOUSE.H11MO.1.A.
Skipping motif +RFX3_MOUSE.H11MO.0.C.
Skipping motif -RFX3_MOUSE.H11MO.0.C.
Skipping motif +RFX3_MOUSE.H11MO.1.C.
Skipping motif -RFX3_MOUSE.H11MO.1.C.
Skipping motif +RFX6_MOUSE.H11MO.0.C.
Skipping motif -RFX6_MOUSE.H11MO.0.C.
Skipping motif +RFX6_MOUSE.H11MO.1.C.
Skipping motif -RFX6_MOUSE.H11MO.1.C.
Skipping motif +RORA_MOUSE.H11MO.0.C.
Skipping motif -RORA_MOUSE.H11MO.0.C.
Skipping motif +RORG_MOUSE.H11MO.0.B.
Skipping motif -RORG_MOUSE.H11MO.0.B.
Skipping motif +RREB1_MOUSE.H11MO.0.D.
Skipping motif -RREB1_MOUSE.H11MO.0.D.
Skipping motif +RUNX1_MOUSE.H11MO.0.A.
Skipping motif -RUNX1_MOUSE.H11MO.0.A.
Skipping motif +RUNX2_MOUSE.H11MO.0.A.
Skipping motif -RUNX2_MOUSE.H11MO.0.A.
Skipping motif +RUNX3_MOUSE.H11MO.0.A.
Skipping motif -RUNX3_MOUSE.H11MO.0.A.
Skipping motif +RXRA_MOUSE.H11MO.0.A.
Skipping motif -RXRA_MOUSE.H11MO.0.A.
Skipping motif +RXRA_MOUSE.H11MO.1.A.
Skipping motif -RXRA_MOUSE.H11MO.1.A.
Skipping motif +RXRA_MOUSE.H11MO.2.A.
Skipping motif -RXRA_MOUSE.H11MO.2.A.
Skipping motif +RXRB_MOUSE.H11MO.0.C.
Skipping motif -RXRB_MOUSE.H11MO.0.C.
Skipping motif +RXRG_MOUSE.H11MO.0.B.
Skipping motif -RXRG_MOUSE.H11MO.0.B.
Skipping motif +RXRG_MOUSE.H11MO.1.B.
Skipping motif -RXRG_MOUSE.H11MO.1.B.
Skipping motif +SALL1_MOUSE.H11MO.0.D.
Skipping motif -SALL1_MOUSE.H11MO.0.D.
Skipping motif +SALL4_MOUSE.H11MO.0.A.
Skipping motif -SALL4_MOUSE.H11MO.0.A.
Skipping motif +SIX2_MOUSE.H11MO.0.A.
Skipping motif -SIX2_MOUSE.H11MO.0.A.
Skipping motif +SIX4_MOUSE.H11MO.0.C.
Skipping motif -SIX4_MOUSE.H11MO.0.C.
Skipping motif +SMAD1_MOUSE.H11MO.0.D.
Skipping motif -SMAD1_MOUSE.H11MO.0.D.
Skipping motif +SMAD2_MOUSE.H11MO.0.A.
Skipping motif -SMAD2_MOUSE.H11MO.0.A.
Skipping motif +SMAD3_MOUSE.H11MO.0.B.
Skipping motif -SMAD3_MOUSE.H11MO.0.B.
Skipping motif +SMAD4_MOUSE.H11MO.0.A.
Skipping motif -SMAD4_MOUSE.H11MO.0.A.
Skipping motif +SMCA5_MOUSE.H11MO.0.C.
Skipping motif -SMCA5_MOUSE.H11MO.0.C.
Skipping motif +SNAI1_MOUSE.H11MO.0.C.
Skipping motif -SNAI1_MOUSE.H11MO.0.C.
Skipping motif +SNAI2_MOUSE.H11MO.0.A.
Skipping motif -SNAI2_MOUSE.H11MO.0.A.
Skipping motif +SOX10_MOUSE.H11MO.0.B.
Skipping motif -SOX10_MOUSE.H11MO.0.B.
Skipping motif +SOX10_MOUSE.H11MO.1.A.
Skipping motif -SOX10_MOUSE.H11MO.1.A.
Skipping motif +SOX13_MOUSE.H11MO.0.D.
Skipping motif -SOX13_MOUSE.H11MO.0.D.
Skipping motif +SOX15_MOUSE.H11MO.0.D.
Skipping motif -SOX15_MOUSE.H11MO.0.D.
Skipping motif +SOX17_MOUSE.H11MO.0.D.
Skipping motif -SOX17_MOUSE.H11MO.0.D.
Skipping motif +SOX18_MOUSE.H11MO.0.D.
Skipping motif -SOX18_MOUSE.H11MO.0.D.
Skipping motif +SOX2_MOUSE.H11MO.0.A.
Skipping motif -SOX2_MOUSE.H11MO.0.A.
Skipping motif +SOX2_MOUSE.H11MO.1.A.
Skipping motif -SOX2_MOUSE.H11MO.1.A.
Skipping motif +SOX3_MOUSE.H11MO.0.C.
Skipping motif -SOX3_MOUSE.H11MO.0.C.
Skipping motif +SOX4_MOUSE.H11MO.0.A.
Skipping motif -SOX4_MOUSE.H11MO.0.A.
Skipping motif +SOX5_MOUSE.H11MO.0.C.
Skipping motif -SOX5_MOUSE.H11MO.0.C.
Skipping motif +SOX9_MOUSE.H11MO.0.A.
Skipping motif -SOX9_MOUSE.H11MO.0.A.
Skipping motif +SOX9_MOUSE.H11MO.1.A.
Skipping motif -SOX9_MOUSE.H11MO.1.A.
Skipping motif +SP1_MOUSE.H11MO.0.A.
Skipping motif -SP1_MOUSE.H11MO.0.A.
Skipping motif +SP1_MOUSE.H11MO.1.A.
Skipping motif -SP1_MOUSE.H11MO.1.A.
Skipping motif +SP2_MOUSE.H11MO.0.B.
Skipping motif -SP2_MOUSE.H11MO.0.B.
Skipping motif +SP2_MOUSE.H11MO.1.C.
Skipping motif -SP2_MOUSE.H11MO.1.C.
Skipping motif +SP3_MOUSE.H11MO.0.B.
Skipping motif -SP3_MOUSE.H11MO.0.B.
Skipping motif +SP4_MOUSE.H11MO.0.B.
Skipping motif -SP4_MOUSE.H11MO.0.B.
Skipping motif +SP4_MOUSE.H11MO.1.B.
Skipping motif -SP4_MOUSE.H11MO.1.B.
Skipping motif +SP5_MOUSE.H11MO.0.C.
Skipping motif -SP5_MOUSE.H11MO.0.C.
Skipping motif +SP5_MOUSE.H11MO.1.C.
Skipping motif -SP5_MOUSE.H11MO.1.C.
Skipping motif +SP7_MOUSE.H11MO.0.A.
Skipping motif -SP7_MOUSE.H11MO.0.A.
Skipping motif +SPI1_MOUSE.H11MO.0.A.
Skipping motif -SPI1_MOUSE.H11MO.0.A.
Skipping motif +SPIB_MOUSE.H11MO.0.A.
Skipping motif -SPIB_MOUSE.H11MO.0.A.
Skipping motif +SPZ1_MOUSE.H11MO.0.D.
Skipping motif -SPZ1_MOUSE.H11MO.0.D.
Skipping motif +SRBP1_MOUSE.H11MO.0.B.
Skipping motif -SRBP1_MOUSE.H11MO.0.B.
Skipping motif +SRBP2_MOUSE.H11MO.0.B.
Skipping motif -SRBP2_MOUSE.H11MO.0.B.
Skipping motif +SRF_MOUSE.H11MO.0.A.
Skipping motif -SRF_MOUSE.H11MO.0.A.
Skipping motif +SRY_MOUSE.H11MO.0.B.
Skipping motif -SRY_MOUSE.H11MO.0.B.
Skipping motif +STA5A_MOUSE.H11MO.0.A.
Skipping motif -STA5A_MOUSE.H11MO.0.A.
Skipping motif +STA5B_MOUSE.H11MO.0.A.
Skipping motif -STA5B_MOUSE.H11MO.0.A.
Skipping motif +STAT1_MOUSE.H11MO.0.A.
Skipping motif -STAT1_MOUSE.H11MO.0.A.
Using motif +STAT1_MOUSE.H11MO.1.A of width 21.
Using motif -STAT1_MOUSE.H11MO.1.A of width 21.
